
  ___  ____  ____  ____  ____ (R)
 /__    /   ____/   /   ____/
___/   /   /___/   /   /___/   16.1   Copyright 1985-2019 StataCorp LLC
  Statistics/Data analysis            StataCorp
                                      4905 Lakeway Drive
     MP - Parallel Edition            College Station, Texas 77845 USA
                                      800-STATA-PC        https://www.stata.com
                                      979-696-4600        stata@stata.com
                                      979-696-4601 (fax)

Stata license: 5-user 8-core network perpetual
Serial number: 501606316764
  Licensed to: LDI Econ Cornell University
               Ithaca, NY

Notes:
      1. Stata is running in batch mode.
      2. Unicode is supported; see help unicode_advice.
      3. More than 2 billion observations are allowed; see help obs_advice.
      4. Maximum number of variables is set to 5,000; see help set_maxvar.

. do "run_aearep-1531.do" 

. // Thu Apr 22 20:44:38 EDT 2021
. global scandir "/home/lv39/Workspace/AEA/all/"

. global aearep  "aearep-1531"

. di "Timer on: `c(current_date)' `c(current_time)'"
Timer on: 23 Apr 2021 16:32:52

. include scan_packages.do

. ** Master file for text-mining based package search
. 
. ***************************
. * Step 1: Preliminaries   *
. ***************************
. clear all

. 
. // Point to location of folder with .do files to scan for potential packages:
. // Probably the only thing you need to change:
. 
. global codedir "$scandir/$aearep"

. // Point to location of "scanning_framework" folder which contains scanning 
. // code, package list, and stopwords & subwords files
. // Might need to create an absolute path, but normally not necessary
. 
. local pwd : pwd

. global rootdir "`pwd'"

. 
. // Set globals below
. // Configure a few features. Probably not necessary unless you know what 
. // you are doing.
. 
. global savefiles = 1 // Set to 1 if you want to save the list of files that w
> as parsed. Useful

. global createlog = 0 // If you wish to create a log file of the parsing/match
> ing process,

. global saveexcel = 1 // Set to 1 if you want to save the Excel report into th
> e original directory (codedir)

. global savehot   = 0 // Set to 1 if you want to save the "whatshot" report. U
> sually not needed.

. 
. 
. //################## NO NEED TO CHANGE ANYTHING BELOW THIS ##################
> #############
. // DO NOT CHANGE Points to location of subwords and stopwords 
. global auxdir "$rootdir/ado/auxiliary"

. tempfile a

. local parsed "`a'.d"

. mkdir `parsed' 
could not create directory /tmp/St25109.000001.d
r(693);
r(693);

end of do-file
r(693);
