---------------------------------------------------------------------------------------------------------------
      name:  <unnamed>
       log:  \\rschfs1x\userRS\K-Q\lr397_RS\Documents\AEA_workspace\FunPackageSearch/Statapackagesearch/logs/lo
> gfile_17_Jun_2021-11_13_47.log
  log type:  text
 opened on:  17 Jun 2021, 11:13:47

. 
. /* It will provide some info about how and when the program was run */
. /* See https://www.stata.com/manuals13/pcreturn.pdf#pcreturn */
. local variant = cond(c(MP),"MP",cond(c(SE),"SE",c(flavor)) )  

. // alternatively, you could use 
. // local variant = cond(c(stata_version)>13,c(real_flavor),"NA")  
. 
. di "=== SYSTEM DIAGNOSTICS ==="
=== SYSTEM DIAGNOSTICS ===

. di "Stata version: `c(stata_version)'"
Stata version: 16.1

. di "Updated as of: `c(born_date)'"
Updated as of: 15 Dec 2020

. di "Variant:       `variant'"
Variant:       MP

. di "Processors:    `c(processors)'"
Processors:    8

. di "OS:            `c(os)' `c(osdtl)'"
OS:            Windows 64-bit

. di "Machine type:  `c(machine_type)'"
Machine type:  PC (64-bit x86-64)

. di "=========================="
==========================

. 
. 
. /* install any packages locally */
. capture mkdir "$rootdir/ado"

. sysdir set PERSONAL "$rootdir/ado/personal"

. sysdir set PLUS     "$rootdir/ado/plus"

. sysdir set SITE     "$rootdir/ado/site"

. sysdir
   STATA:  C:\Program Files\Stata16\
    BASE:  C:\Program Files\Stata16\ado\base\
    SITE:  \\rschfs1x\userRS\K-Q\lr397_RS\Documents\AEA_workspace\FunPackageSearch/Statapackagesearch/ado/site\
    PLUS:  \\rschfs1x\userRS\K-Q\lr397_RS\Documents\AEA_workspace\FunPackageSearch/Statapackagesearch/ado/plus\
PERSONAL:  \\rschfs1x\userRS\K-Q\lr397_RS\Documents\AEA_workspace\FunPackageSearch/Statapackagesearch/ado/perso
> nal\
OLDPLACE:  c:\ado\

. 
. /* add packages to the macro */
. 
. * *** Add required packages from SSC to this list ***
.     local ssc_packages "xls2dta"

.     // local ssc_packages "estout boottest"
.     
.     if !missing("`ssc_packages'") {
.         foreach pkg in `ssc_packages' {
  2.             dis "Installing `pkg'"
  3.             ssc install `pkg', replace
  4.         }
Installing xls2dta
checking xls2dta consistency and verifying not already installed...
installing into \\rschfs1x\userRS\K-Q\lr397_RS\Documents\AEA_workspace\FunPackageSearch/Statapackagesearch/ado/
> plus\...
installation complete.
.     }

. 
.     * Install packages using net
.     *  net install yaml, from("https://raw.githubusercontent.com/gslab-econ/stata-misc/master/")
.     
.         net install packagesearch, from("https://lydreiner.github.io/Statapackagesearch/")
checking packagesearch consistency and verifying not already installed...
installing into \\rschfs1x\userRS\K-Q\lr397_RS\Documents\AEA_workspace\FunPackageSearch/Statapackagesearch/ado/
> plus\...
installation complete.

. 
. /* other commands */
. 
. /* after installing all packages, it may be necessary to issue the mata mlib index command */
.         mata: mata mlib index
.mlib libraries to be searched are now
    lmatabase;lmataado;lmataerm;lmatafc;lmatagsem;lmatalasso;lmatamcmc;lmatameta;lmatami;lmatamixlog;lmatanumli
> b;lmataopt;lmatapath;lmatapostest;lmatapss;lmatasem;lmatasp;lmatasvy;lmatatab;lmmtxttool

. 
. 
. set more off

. 
. 
. 
end of do-file

. do "\\rschfs1x\userRS\K-Q\lr397_RS\Documents\AEA_workspace\FunPackageSearch\Statapackagesearch-scan_aearep\co
> nfig.do"

. /* Template config.do */
. /* Copy this file to your replication directory if using Stata, e.g.,
>     cp template-config.do replication-(netid)/config.do
> 
>    or similar, and then add
> 
>    include "config.do"
> 
>    in the author's main Stata program
> 
>    */
. 
. /* adjust this as necessary. This works on all OS when running in batch mode, but may not work in interactive
>  mode */
. 
. local pwd : pwd

. global rootdir "`pwd'"

. global logdir "${rootdir}/logs"

. cap mkdir "$logdir"

. 
. /* check if the author creates a log file. If not, adjust the following code fragment */
. 
. local c_date = c(current_date)

. local cdate = subinstr("`c_date'", " ", "_", .)

. local c_time = c(current_time)

. local ctime = subinstr("`c_time'", ":", "_", .)

. 
. cap log close
